[0m11:57:04.606088 [debug] [MainThread]: Sending event: {'category': 'dbt', 'action': 'invocation', 'label': 'start', 'context': [<snowplow_tracker.self_describing_json.SelfDescribingJson object at 0x0000017A86900610>, <snowplow_tracker.self_describing_json.SelfDescribingJson object at 0x0000017A88AB68C0>, <snowplow_tracker.self_describing_json.SelfDescribingJson object at 0x0000017A88AB5E40>]}


============================== 11:57:04.618442 | f78a8be7-11b4-42ef-bbb9-c96771c04508 ==============================
[0m11:57:04.618442 [info ] [MainThread]: Running with dbt=1.10.9
[0m11:57:04.620092 [debug] [MainThread]: running dbt with arguments {'partial_parse': 'True', 'static_parser': 'True', 'send_anonymous_usage_stats': 'True', 'use_colors': 'True', 'cache_selected_only': 'False', 'target_path': 'None', 'warn_error': 'None', 'invocation_command': 'dbt init dbtlearn', 'log_format': 'default', 'version_check': 'True', 'introspect': 'True', 'debug': 'False', 'log_cache_events': 'False', 'fail_fast': 'False', 'no_print': 'None', 'empty': 'None', 'quiet': 'False', 'use_experimental_parser': 'False', 'printer_width': '80', 'log_path': 'logs', 'indirect_selection': 'eager', 'write_json': 'True', 'warn_error_options': 'WarnErrorOptionsV2(error=[], warn=[], silence=[])', 'profiles_dir': 'C:\\Users\\yghaffar\\.dbt'}
[0m11:57:04.754908 [debug] [MainThread]: Starter project path: C:\Users\yghaffar\Desktop\dbt course\venv\lib\site-packages\dbt\include\starter_project
[0m11:57:04.911938 [info ] [MainThread]: 
Your new dbt project "dbtlearn" was created!

For more information on how to configure the profiles.yml file,
please consult the dbt documentation here:

  https://docs.getdbt.com/docs/configure-your-profile

One more thing:

Need help? Don't hesitate to reach out to us via GitHub issues or on Slack:

  https://community.getdbt.com/

Happy modeling!

[0m11:57:04.915178 [info ] [MainThread]: Setting up your profile.
[0m11:59:58.684232 [error] [MainThread]: Encountered an error:

[0m11:59:58.710025 [error] [MainThread]: Traceback (most recent call last):
  File "C:\Users\yghaffar\Desktop\dbt course\venv\lib\site-packages\dbt\cli\requires.py", line 178, in wrapper
    result, success = func(*args, **kwargs)
  File "C:\Users\yghaffar\Desktop\dbt course\venv\lib\site-packages\dbt\cli\requires.py", line 128, in wrapper
    return func(*args, **kwargs)
  File "C:\Users\yghaffar\Desktop\dbt course\venv\lib\site-packages\dbt\cli\main.py", line 483, in init
    results = task.run()
  File "C:\Users\yghaffar\Desktop\dbt course\venv\lib\site-packages\dbt\task\init.py", line 346, in run
    self.setup_profile(profile_name)
  File "C:\Users\yghaffar\Desktop\dbt course\venv\lib\site-packages\dbt\task\init.py", line 262, in setup_profile
    self.create_profile_from_target(adapter, profile_name=profile_name)
  File "C:\Users\yghaffar\Desktop\dbt course\venv\lib\site-packages\dbt\task\init.py", line 179, in create_profile_from_target
    self.create_profile_from_profile_template(profile_template, profile_name)
  File "C:\Users\yghaffar\Desktop\dbt course\venv\lib\site-packages\dbt\task\init.py", line 163, in create_profile_from_profile_template
    target = self.generate_target_from_input(prompts, initial_target)
  File "C:\Users\yghaffar\Desktop\dbt course\venv\lib\site-packages\dbt\task\init.py", line 129, in generate_target_from_input
    target[key] = click.prompt(
  File "C:\Users\yghaffar\Desktop\dbt course\venv\lib\site-packages\click\termui.py", line 168, in prompt
    value = prompt_func(prompt)
  File "C:\Users\yghaffar\Desktop\dbt course\venv\lib\site-packages\click\termui.py", line 151, in prompt_func
    raise Abort() from None
click.exceptions.Abort

[0m11:59:58.717349 [debug] [MainThread]: Command `dbt init` failed at 11:59:58.717349 after 174.53 seconds
[0m11:59:58.717349 [debug] [MainThread]: Sending event: {'category': 'dbt', 'action': 'invocation', 'label': 'end', 'context': [<snowplow_tracker.self_describing_json.SelfDescribingJson object at 0x0000017A86900610>, <snowplow_tracker.self_describing_json.SelfDescribingJson object at 0x0000017A896989D0>, <snowplow_tracker.self_describing_json.SelfDescribingJson object at 0x0000017A8969ACB0>]}
[0m11:59:58.719922 [debug] [MainThread]: Flushing usage events
[0m11:59:59.681284 [debug] [MainThread]: An error was encountered while trying to flush usage events
[0m12:00:10.495393 [debug] [MainThread]: Sending event: {'category': 'dbt', 'action': 'invocation', 'label': 'start', 'context': [<snowplow_tracker.self_describing_json.SelfDescribingJson object at 0x000001784F6BC670>, <snowplow_tracker.self_describing_json.SelfDescribingJson object at 0x0000017851875E70>, <snowplow_tracker.self_describing_json.SelfDescribingJson object at 0x0000017851876FE0>]}


============================== 12:00:10.508053 | f0692427-1e63-437b-82a2-e61088caf1da ==============================
[0m12:00:10.508053 [info ] [MainThread]: Running with dbt=1.10.9
[0m12:00:10.509651 [debug] [MainThread]: running dbt with arguments {'partial_parse': 'True', 'warn_error_options': 'WarnErrorOptionsV2(error=[], warn=[], silence=[])', 'send_anonymous_usage_stats': 'True', 'use_colors': 'True', 'cache_selected_only': 'False', 'target_path': 'None', 'version_check': 'True', 'invocation_command': 'dbt init dbtlearn', 'log_format': 'default', 'warn_error': 'None', 'introspect': 'True', 'debug': 'False', 'printer_width': '80', 'fail_fast': 'False', 'no_print': 'None', 'quiet': 'False', 'use_experimental_parser': 'False', 'empty': 'None', 'log_cache_events': 'False', 'indirect_selection': 'eager', 'log_path': 'logs', 'write_json': 'True', 'static_parser': 'True', 'profiles_dir': 'C:\\Users\\yghaffar\\.dbt'}
[0m12:00:10.601602 [info ] [MainThread]: A project called dbtlearn already exists here.
[0m12:00:10.606395 [debug] [MainThread]: Command `dbt init` succeeded at 12:00:10.604791 after 0.41 seconds
[0m12:00:10.607979 [debug] [MainThread]: Sending event: {'category': 'dbt', 'action': 'invocation', 'label': 'end', 'context': [<snowplow_tracker.self_describing_json.SelfDescribingJson object at 0x000001784F6BC670>, <snowplow_tracker.self_describing_json.SelfDescribingJson object at 0x0000017851875D50>, <snowplow_tracker.self_describing_json.SelfDescribingJson object at 0x00000178518F8910>]}
[0m12:00:10.607979 [debug] [MainThread]: Flushing usage events
[0m12:00:11.475413 [debug] [MainThread]: An error was encountered while trying to flush usage events
[0m12:04:07.170372 [debug] [MainThread]: Sending event: {'category': 'dbt', 'action': 'invocation', 'label': 'start', 'context': [<snowplow_tracker.self_describing_json.SelfDescribingJson object at 0x0000024EA44D0640>, <snowplow_tracker.self_describing_json.SelfDescribingJson object at 0x0000024EA6685090>, <snowplow_tracker.self_describing_json.SelfDescribingJson object at 0x0000024EA6686FB0>]}


============================== 12:04:07.181995 | 0c0e3be4-8e97-4980-8ef9-e32fabba3473 ==============================
[0m12:04:07.181995 [info ] [MainThread]: Running with dbt=1.10.9
[0m12:04:07.181995 [debug] [MainThread]: running dbt with arguments {'partial_parse': 'True', 'profiles_dir': 'C:\\Users\\yghaffar\\.dbt', 'send_anonymous_usage_stats': 'True', 'use_colors': 'True', 'cache_selected_only': 'False', 'target_path': 'None', 'warn_error': 'None', 'invocation_command': 'dbt init dbtlearn', 'log_format': 'default', 'version_check': 'True', 'introspect': 'True', 'debug': 'False', 'log_cache_events': 'False', 'fail_fast': 'False', 'no_print': 'None', 'use_experimental_parser': 'False', 'empty': 'None', 'printer_width': '80', 'quiet': 'False', 'log_path': 'logs', 'indirect_selection': 'eager', 'write_json': 'True', 'static_parser': 'True', 'warn_error_options': 'WarnErrorOptionsV2(error=[], warn=[], silence=[])'}
[0m12:04:07.290819 [debug] [MainThread]: Starter project path: C:\Users\yghaffar\Desktop\dbt course\venv\lib\site-packages\dbt\include\starter_project
[0m12:04:07.466881 [info ] [MainThread]: 
Your new dbt project "dbtlearn" was created!

For more information on how to configure the profiles.yml file,
please consult the dbt documentation here:

  https://docs.getdbt.com/docs/configure-your-profile

One more thing:

Need help? Don't hesitate to reach out to us via GitHub issues or on Slack:

  https://community.getdbt.com/

Happy modeling!

[0m12:04:07.470147 [info ] [MainThread]: Setting up your profile.
[0m12:05:58.915027 [info ] [MainThread]: Profile dbtlearn written to C:\Users\yghaffar\.dbt\profiles.yml using target's profile_template.yml and your supplied values. Run 'dbt debug' to validate the connection.
[0m12:05:58.919216 [debug] [MainThread]: Command `dbt init` succeeded at 12:05:58.917692 after 112.06 seconds
[0m12:05:58.919216 [debug] [MainThread]: Sending event: {'category': 'dbt', 'action': 'invocation', 'label': 'end', 'context': [<snowplow_tracker.self_describing_json.SelfDescribingJson object at 0x0000024EA44D0640>, <snowplow_tracker.self_describing_json.SelfDescribingJson object at 0x0000024EA6685CF0>, <snowplow_tracker.self_describing_json.SelfDescribingJson object at 0x0000024EA6708760>]}
[0m12:05:58.921711 [debug] [MainThread]: Flushing usage events
[0m12:05:59.914540 [debug] [MainThread]: An error was encountered while trying to flush usage events
